Using launch settings from c:\Users\HP\Documents\trae_projects\Valora\backend\Valora.Api\Properties\launchSettings.json...
Building...
Starting application...
info: Valora.Api.Infrastructure.BackgroundJobs.OutboxProcessor[0]
      OutboxProcessor starting.
info: Valora.Api.Infrastructure.BackgroundJobs.KafkaConsumer[0]
      KafkaConsumer starting.
info: Microsoft.Hosting.Lifetime[14]
      Now listening on: http://localhost:5028
info: Microsoft.Hosting.Lifetime[0]
      Application started. Press Ctrl+C to shut down.
info: Microsoft.Hosting.Lifetime[0]
      Hosting environment: Development
info: Microsoft.Hosting.Lifetime[0]
      Content root path: c:\Users\HP\Documents\trae_projects\Valora\backend\Valora.Api
[CONSOLE DEBUG] OutboxProcessor: Polling DB...
info: Valora.Api.Infrastructure.BackgroundJobs.KafkaConsumer[0]
      KafkaConsumer subscribed to topics.
[CONSOLE DEBUG] OutboxProcessor: Polling DB...
[CONSOLE DEBUG] OutboxProcessor: Polling DB...
[CONSOLE DEBUG] OutboxProcessor: Polling DB...
[CONSOLE DEBUG] OutboxProcessor: Polling DB...
[CONSOLE DEBUG] OutboxProcessor: Polling DB...
[CONSOLE DEBUG] OutboxProcessor: Polling DB...
[CONSOLE DEBUG] OutboxProcessor: Polling DB...
[CONSOLE DEBUG] OutboxProcessor: Polling DB...
[CONSOLE DEBUG] OutboxProcessor: Polling DB...
[CONSOLE DEBUG] OutboxProcessor: Polling DB...
[CONSOLE DEBUG] OutboxProcessor: Polling DB...
[CONSOLE DEBUG] OutboxProcessor: Polling DB...
[CONSOLE DEBUG] OutboxProcessor: Polling DB...
[CONSOLE DEBUG] OutboxProcessor: Polling DB...
[CONSOLE DEBUG] OutboxProcessor: Polling DB...
[CONSOLE DEBUG] OutboxProcessor: Polling DB...
[CONSOLE DEBUG] OutboxProcessor: Polling DB...
[CONSOLE DEBUG] OutboxProcessor: Polling DB...
[CONSOLE DEBUG] OutboxProcessor: Polling DB...
[CONSOLE DEBUG] OutboxProcessor: Polling DB...
[CONSOLE DEBUG] OutboxProcessor: Polling DB...
[CONSOLE DEBUG] OutboxProcessor: Polling DB...
[CONSOLE DEBUG] OutboxProcessor: Polling DB...
[CONSOLE DEBUG] OutboxProcessor: Polling DB...
[CONSOLE DEBUG] OutboxProcessor: Polling DB...
[CONSOLE DEBUG] OutboxProcessor: Polling DB...
[CONSOLE DEBUG] OutboxProcessor: Polling DB...
[CONSOLE DEBUG] OutboxProcessor: Polling DB...
[CONSOLE DEBUG] OutboxProcessor: Polling DB...
[CONSOLE DEBUG] OutboxProcessor: Polling DB...
[CONSOLE DEBUG] OutboxProcessor: Polling DB...
[CONSOLE DEBUG] OutboxProcessor: Polling DB...
[CONSOLE DEBUG] OutboxProcessor: Polling DB...
[CONSOLE DEBUG] OutboxProcessor: Polling DB...
[CONSOLE DEBUG] OutboxProcessor: Polling DB...
[CONSOLE DEBUG] OutboxProcessor: Polling DB...
[CONSOLE DEBUG] OutboxProcessor: Polling DB...
[CONSOLE DEBUG] OutboxProcessor: Polling DB...
[CONSOLE DEBUG] OutboxProcessor: Polling DB...
[CONSOLE DEBUG] OutboxProcessor: Polling DB...
[CONSOLE DEBUG] OutboxProcessor: Polling DB...
[CONSOLE DEBUG] OutboxProcessor: Polling DB...
[CONSOLE DEBUG] OutboxProcessor: Polling DB...
[CONSOLE DEBUG] OutboxProcessor: Polling DB...
[CONSOLE DEBUG] OutboxProcessor: Polling DB...
[CONSOLE DEBUG] OutboxProcessor: Polling DB...
[CONSOLE DEBUG] OutboxProcessor: Polling DB...
[CONSOLE DEBUG] OutboxProcessor: Polling DB...
[CONSOLE DEBUG] OutboxProcessor: Polling DB...
[CONSOLE DEBUG] OutboxProcessor: Polling DB...
[CONSOLE DEBUG] OutboxProcessor: Polling DB...
[CONSOLE DEBUG] OutboxProcessor: Polling DB...
[CONSOLE DEBUG] OutboxProcessor: Polling DB...
[CONSOLE DEBUG] OutboxProcessor: Polling DB...
[CONSOLE DEBUG] OutboxProcessor: Polling DB...
[CONSOLE DEBUG] OutboxProcessor: Polling DB...
[CONSOLE DEBUG] OutboxProcessor: Polling DB...
[CONSOLE DEBUG] OutboxProcessor: Polling DB...
[CONSOLE DEBUG] OutboxProcessor: Polling DB...
[CONSOLE DEBUG] OutboxProcessor: Polling DB...
[CONSOLE DEBUG] OutboxProcessor: Polling DB...
[CONSOLE DEBUG] OutboxProcessor: Polling DB...
[CONSOLE DEBUG] OutboxProcessor: Polling DB...
[CONSOLE DEBUG] OutboxProcessor: Polling DB...
[CONSOLE DEBUG] OutboxProcessor: Polling DB...
[CONSOLE DEBUG] OutboxProcessor: Polling DB...
[CONSOLE DEBUG] OutboxProcessor: Polling DB...
[CONSOLE DEBUG] OutboxProcessor: Polling DB...
[CONSOLE DEBUG] OutboxProcessor: Polling DB...
[CONSOLE DEBUG] OutboxProcessor: Polling DB...
[CONSOLE DEBUG] OutboxProcessor: Polling DB...
[CONSOLE DEBUG] OutboxProcessor: Polling DB...
[CONSOLE DEBUG] OutboxProcessor: Polling DB...
[CONSOLE DEBUG] OutboxProcessor: Polling DB...
[CONSOLE DEBUG] OutboxProcessor: Polling DB...
[CONSOLE DEBUG] OutboxProcessor: Polling DB...
[CONSOLE DEBUG] OutboxProcessor: Polling DB...
[CONSOLE DEBUG] OutboxProcessor: Polling DB...
[CONSOLE DEBUG] OutboxProcessor: Polling DB...
[CONSOLE DEBUG] OutboxProcessor: Polling DB...
[CONSOLE DEBUG] OutboxProcessor: Polling DB...
[CONSOLE DEBUG] OutboxProcessor: Polling DB...
[CONSOLE DEBUG] OutboxProcessor: Polling DB...
[CONSOLE DEBUG] OutboxProcessor: Polling DB...
[CONSOLE DEBUG] OutboxProcessor: Polling DB...
[CONSOLE DEBUG] OutboxProcessor: Polling DB...
[CONSOLE DEBUG] OutboxProcessor: Polling DB...
[CONSOLE DEBUG] OutboxProcessor: Polling DB...
[CONSOLE DEBUG] OutboxProcessor: Polling DB...
[CONSOLE DEBUG] OutboxProcessor: Polling DB...
[CONSOLE DEBUG] OutboxProcessor: Polling DB...
[CONSOLE DEBUG] OutboxProcessor: Polling DB...
[CONSOLE DEBUG] OutboxProcessor: Polling DB...
[CONSOLE DEBUG] OutboxProcessor: Polling DB...
[CONSOLE DEBUG] OutboxProcessor: Polling DB...
[CONSOLE DEBUG] OutboxProcessor: Polling DB...
[CONSOLE DEBUG] OutboxProcessor: Polling DB...
[CONSOLE DEBUG] OutboxProcessor: Polling DB...
[CONSOLE DEBUG] OutboxProcessor: Polling DB...
[CONSOLE DEBUG] OutboxProcessor: Polling DB...
[CONSOLE DEBUG] OutboxProcessor: Polling DB...
[CONSOLE DEBUG] OutboxProcessor: Polling DB...
[CONSOLE DEBUG] OutboxProcessor: Polling DB...
[CONSOLE DEBUG] OutboxProcessor: Polling DB...
[CONSOLE DEBUG] OutboxProcessor: Polling DB...
[CONSOLE DEBUG] OutboxProcessor: Polling DB...
[CONSOLE DEBUG] OutboxProcessor: Polling DB...
[CONSOLE DEBUG] OutboxProcessor: Polling DB...
[CONSOLE DEBUG] OutboxProcessor: Polling DB...
[CONSOLE DEBUG] OutboxProcessor: Polling DB...
[CONSOLE DEBUG] OutboxProcessor: Polling DB...
[CONSOLE DEBUG] OutboxProcessor: Polling DB...
[CONSOLE DEBUG] OutboxProcessor: Polling DB...
[CONSOLE DEBUG] OutboxProcessor: Polling DB...
[CONSOLE DEBUG] OutboxProcessor: Polling DB...
[CONSOLE DEBUG] OutboxProcessor: Polling DB...
[CONSOLE DEBUG] OutboxProcessor: Polling DB...
[CONSOLE DEBUG] OutboxProcessor: Polling DB...
[CONSOLE DEBUG] OutboxProcessor: Polling DB...
[CONSOLE DEBUG] OutboxProcessor: Polling DB...
[CONSOLE DEBUG] OutboxProcessor: Polling DB...
[CONSOLE DEBUG] OutboxProcessor: Polling DB...
[CONSOLE DEBUG] OutboxProcessor: Polling DB...
[CONSOLE DEBUG] OutboxProcessor: Polling DB...
[CONSOLE DEBUG] OutboxProcessor: Polling DB...
[CONSOLE DEBUG] OutboxProcessor: Polling DB...
[CONSOLE DEBUG] OutboxProcessor: Polling DB...
[CONSOLE DEBUG] OutboxProcessor: Polling DB...
[CONSOLE DEBUG] OutboxProcessor: Polling DB...
[CONSOLE DEBUG] OutboxProcessor: Polling DB...
[CONSOLE DEBUG] OutboxProcessor: Polling DB...
[CONSOLE DEBUG] OutboxProcessor: Polling DB...
[CONSOLE DEBUG] OutboxProcessor: Polling DB...
[CONSOLE DEBUG] OutboxProcessor: Polling DB...
[CONSOLE DEBUG] OutboxProcessor: Polling DB...
[CONSOLE DEBUG] OutboxProcessor: Polling DB...
[CONSOLE DEBUG] OutboxProcessor: Polling DB...
[CONSOLE DEBUG] OutboxProcessor: Polling DB...
[CONSOLE DEBUG] OutboxProcessor: Polling DB...
[CONSOLE DEBUG] OutboxProcessor: Polling DB...
[CONSOLE DEBUG] OutboxProcessor: Polling DB...
[CONSOLE DEBUG] OutboxProcessor: Polling DB...
[CONSOLE DEBUG] OutboxProcessor: Polling DB...
[CONSOLE DEBUG] OutboxProcessor: Polling DB...
[CONSOLE DEBUG] OutboxProcessor: Polling DB...
[CONSOLE DEBUG] OutboxProcessor: Polling DB...
[CONSOLE DEBUG] OutboxProcessor: Polling DB...
[CONSOLE DEBUG] OutboxProcessor: Polling DB...
[CONSOLE DEBUG] OutboxProcessor: Polling DB...
[CONSOLE DEBUG] OutboxProcessor: Polling DB...
[CONSOLE DEBUG] OutboxProcessor: Polling DB...
[CONSOLE DEBUG] OutboxProcessor: Polling DB...
[CONSOLE DEBUG] OutboxProcessor: Polling DB...
[CONSOLE DEBUG] OutboxProcessor: Polling DB...
[CONSOLE DEBUG] OutboxProcessor: Polling DB...
[CONSOLE DEBUG] OutboxProcessor: Polling DB...
[CONSOLE DEBUG] OutboxProcessor: Polling DB...
[CONSOLE DEBUG] OutboxProcessor: Polling DB...
[CONSOLE DEBUG] OutboxProcessor: Polling DB...
[CONSOLE DEBUG] OutboxProcessor: Polling DB...
[CONSOLE DEBUG] OutboxProcessor: Polling DB...
[CONSOLE DEBUG] OutboxProcessor: Polling DB...
[CONSOLE DEBUG] OutboxProcessor: Polling DB...
[CONSOLE DEBUG] OutboxProcessor: Polling DB...
[CONSOLE DEBUG] OutboxProcessor: Polling DB...
[CONSOLE DEBUG] OutboxProcessor: Polling DB...
[CONSOLE DEBUG] OutboxProcessor: Polling DB...
[CONSOLE DEBUG] OutboxProcessor: Polling DB...
[CONSOLE DEBUG] OutboxProcessor: Polling DB...
[CONSOLE DEBUG] OutboxProcessor: Polling DB...
[CONSOLE DEBUG] OutboxProcessor: Polling DB...
[CONSOLE DEBUG] OutboxProcessor: Polling DB...
[CONSOLE DEBUG] OutboxProcessor: Polling DB...
[CONSOLE DEBUG] OutboxProcessor: Polling DB...
[CONSOLE DEBUG] OutboxProcessor: Polling DB...
[CONSOLE DEBUG] OutboxProcessor: Polling DB...
[CONSOLE DEBUG] OutboxProcessor: Polling DB...
[CONSOLE DEBUG] OutboxProcessor: Polling DB...
[CONSOLE DEBUG] OutboxProcessor: Polling DB...
[CONSOLE DEBUG] OutboxProcessor: Polling DB...
[CONSOLE DEBUG] OutboxProcessor: Polling DB...
[CONSOLE DEBUG] OutboxProcessor: Polling DB...
[CONSOLE DEBUG] OutboxProcessor: Polling DB...
[CONSOLE DEBUG] OutboxProcessor: Polling DB...
[CONSOLE DEBUG] OutboxProcessor: Polling DB...
[CONSOLE DEBUG] OutboxProcessor: Polling DB...
[CONSOLE DEBUG] OutboxProcessor: Polling DB...
[CONSOLE DEBUG] OutboxProcessor: Polling DB...
[CONSOLE DEBUG] OutboxProcessor: Polling DB...
[CONSOLE DEBUG] OutboxProcessor: Polling DB...
[CONSOLE DEBUG] OutboxProcessor: Polling DB...
[CONSOLE DEBUG] OutboxProcessor: Polling DB...
[CONSOLE DEBUG] OutboxProcessor: Polling DB...
[CONSOLE DEBUG] OutboxProcessor: Polling DB...
[CONSOLE DEBUG] OutboxProcessor: Polling DB...
[CONSOLE DEBUG] OutboxProcessor: Polling DB...
[CONSOLE DEBUG] OutboxProcessor: Polling DB...
[CONSOLE DEBUG] OutboxProcessor: Polling DB...
[CONSOLE DEBUG] OutboxProcessor: Polling DB...
[CONSOLE DEBUG] OutboxProcessor: Polling DB...
[CONSOLE DEBUG] OutboxProcessor: Polling DB...
[CONSOLE DEBUG] OutboxProcessor: Polling DB...
[CONSOLE DEBUG] OutboxProcessor: Polling DB...
[CONSOLE DEBUG] OutboxProcessor: Polling DB...
[CONSOLE DEBUG] OutboxProcessor: Polling DB...
[CONSOLE DEBUG] OutboxProcessor: Polling DB...
[CONSOLE DEBUG] OutboxProcessor: Polling DB...
[CONSOLE DEBUG] OutboxProcessor: Polling DB...
[CONSOLE DEBUG] OutboxProcessor: Polling DB...
[CONSOLE DEBUG] OutboxProcessor: Polling DB...
[CONSOLE DEBUG] OutboxProcessor: Polling DB...
[CONSOLE DEBUG] OutboxProcessor: Polling DB...
[CONSOLE DEBUG] OutboxProcessor: Polling DB...
[CONSOLE DEBUG] OutboxProcessor: Polling DB...
[CONSOLE DEBUG] OutboxProcessor: Polling DB...
[CONSOLE DEBUG] OutboxProcessor: Polling DB...
[CONSOLE DEBUG] OutboxProcessor: Polling DB...
[CONSOLE DEBUG] OutboxProcessor: Polling DB...
[CONSOLE DEBUG] OutboxProcessor: Polling DB...
[CONSOLE DEBUG] OutboxProcessor: Polling DB...
[CONSOLE DEBUG] OutboxProcessor: Polling DB...
